-------------------------------------------------------------------------------
Test set: org.example.TestSubtraction
-------------------------------------------------------------------------------
Tests run: 1, Failures: 1, Errors: 0, Skipped: 0, Time elapsed: 0.002 s <<< FAILURE! - in org.example.TestSubtraction
subtraction  Time elapsed: 0.002 s  <<< FAILURE!
org.opentest4j.AssertionFailedError: expected: <10> but was: <200>
	at org.example.TestSubtraction.subtraction(TestSubtraction.java:11)

